Request method: GET, Request path: /
Request method: GET, Request path: /api/
Request method: GET, Request path: /api/products/
Request method: GET, Request path: /api/categories/
Request method: POST, Request path: /api/categories/
Request method: POST, Request path: /api/categories/
Request method: GET, Request path: /api/categories/
Request method: GET, Request path: /api/
Request method: GET, Request path: /api/products/
Request method: POST, Request path: /api/products/
Request method: GET, Request path: /api/products/
Request method: GET, Request path: /api/products/
Request method: GET, Request path: /api/categories/
Request method: GET, Request path: /api/categories/1/
Request method: PUT, Request path: /api/categories/1/
Request method: GET, Request path: /api/categories/1/
Request method: GET, Request path: /api/categories/
Request method: DELETE, Request path: /api/categories/1/
Request method: GET, Request path: /api/categories/
Request method: GET, Request path: /api/products/
Request method: POST, Request path: /api/products/
Request method: GET, Request path: /api/products/
Request method: POST, Request path: /api/products/
Request method: GET, Request path: /api/products/
Request method: PUT, Request path: /api/products/2/
Request method: GET, Request path: /api/products/2/
Request method: GET, Request path: /api/products/
Request method: DELETE, Request path: /api/products/2/
Request method: GET, Request path: /api/products/
Request method: POST, Request path: /api/products/
Request method: POST, Request path: /api/products/
Request method: POST, Request path: /api/products/
Request method: POST, Request path: /api/products/
Request method: POST, Request path: /api/products/
